[0.015s] Invoking command in '/home/teteu/drone_sim/build/drone_sim': CMAKE_PREFIX_PATH=/opt/ros/humble /usr/bin/cmake --build /home/teteu/drone_sim/build/drone_sim -- -j4 -l4
[0.043s] -- Found ament_cmake: 1.3.10 (/opt/ros/humble/share/ament_cmake/cmake)
[0.203s] -- Found rclpy: 3.3.14 (/opt/ros/humble/share/rclpy/cmake)
[0.288s] -- Configuring done
[0.292s] -- Generating done
[0.294s] -- Build files have been written to: /home/teteu/drone_sim/build/drone_sim
[0.317s] Invoked command in '/home/teteu/drone_sim/build/drone_sim' returned '0': CMAKE_PREFIX_PATH=/opt/ros/humble /usr/bin/cmake --build /home/teteu/drone_sim/build/drone_sim -- -j4 -l4
[0.354s] Invoking command in '/home/teteu/drone_sim/build/drone_sim': CMAKE_PREFIX_PATH=/opt/ros/humble /usr/bin/cmake --install /home/teteu/drone_sim/build/drone_sim
[0.363s] -- Install configuration: ""
[0.363s] -- Up-to-date: /home/teteu/drone_sim/install/drone_sim/share/drone_sim/launch
[0.363s] -- Up-to-date: /home/teteu/drone_sim/install/drone_sim/share/drone_sim/launch/drone_sim_launch.py
[0.363s] -- Up-to-date: /home/teteu/drone_sim/install/drone_sim/share/drone_sim/worlds
[0.363s] -- Up-to-date: /home/teteu/drone_sim/install/drone_sim/share/drone_sim/worlds/myworld.world
[0.363s] -- Installing: /home/teteu/drone_sim/install/drone_sim/lib/drone_sim/controller.py
[0.363s] -- Installing: /home/teteu/drone_sim/install/drone_sim/share/ament_index/resource_index/package_run_dependencies/drone_sim
[0.363s] -- Installing: /home/teteu/drone_sim/install/drone_sim/share/ament_index/resource_index/parent_prefix_path/drone_sim
[0.364s] -- Installing: /home/teteu/drone_sim/install/drone_sim/share/drone_sim/environment/ament_prefix_path.sh
[0.364s] -- Installing: /home/teteu/drone_sim/install/drone_sim/share/drone_sim/environment/ament_prefix_path.dsv
[0.364s] -- Installing: /home/teteu/drone_sim/install/drone_sim/share/drone_sim/environment/path.sh
[0.364s] -- Installing: /home/teteu/drone_sim/install/drone_sim/share/drone_sim/environment/path.dsv
[0.365s] -- Installing: /home/teteu/drone_sim/install/drone_sim/share/drone_sim/local_setup.bash
[0.365s] -- Installing: /home/teteu/drone_sim/install/drone_sim/share/drone_sim/local_setup.sh
[0.365s] -- Installing: /home/teteu/drone_sim/install/drone_sim/share/drone_sim/local_setup.zsh
[0.365s] -- Installing: /home/teteu/drone_sim/install/drone_sim/share/drone_sim/local_setup.dsv
[0.366s] -- Installing: /home/teteu/drone_sim/install/drone_sim/share/drone_sim/package.dsv
[0.366s] -- Installing: /home/teteu/drone_sim/install/drone_sim/share/ament_index/resource_index/packages/drone_sim
[0.366s] -- Installing: /home/teteu/drone_sim/install/drone_sim/share/drone_sim/cmake/drone_simConfig.cmake
[0.366s] -- Installing: /home/teteu/drone_sim/install/drone_sim/share/drone_sim/cmake/drone_simConfig-version.cmake
[0.367s] -- Installing: /home/teteu/drone_sim/install/drone_sim/share/drone_sim/package.xml
[0.370s] Invoked command in '/home/teteu/drone_sim/build/drone_sim' returned '0': CMAKE_PREFIX_PATH=/opt/ros/humble /usr/bin/cmake --install /home/teteu/drone_sim/build/drone_sim
