-- The C compiler identification is GNU 11.4.0
-- The CXX compiler identification is GNU 11.4.0
-- Detecting C compiler ABI info
-- Detecting C compiler ABI info - done
-- Check for working C compiler: /usr/bin/cc - skipped
-- Detecting C compile features
-- Detecting C compile features - done
-- Detecting CXX compiler ABI info
-- Detecting CXX compiler ABI info - done
-- Check for working CXX compiler: /usr/bin/c++ - skipped
-- Detecting CXX compile features
-- Detecting CXX compile features - done
-- Found ament_cmake: 1.3.10 (/opt/ros/humble/share/ament_cmake/cmake)
-- Found Python3: /usr/bin/python3 (found version "3.10.12") found components: Interpreter 
-- Found rclpy: 3.3.14 (/opt/ros/humble/share/rclpy/cmake)
-- Configuring done
-- Generating done
-- Build files have been written to: /home/teteu/drone_sim/build/drone_sim
-- Install configuration: ""
-- Installing: /home/teteu/drone_sim/install/drone_sim/share/drone_sim/launch
-- Installing: /home/teteu/drone_sim/install/drone_sim/share/drone_sim/launch/drone_sim_launch.py
-- Installing: /home/teteu/drone_sim/install/drone_sim/share/drone_sim/worlds
-- Installing: /home/teteu/drone_sim/install/drone_sim/share/drone_sim/worlds/myworld.world
[31mCMake Error at cmake_install.cmake:53 (file):
  file INSTALL cannot find "/home/teteu/drone_sim/src/drone_controller.py":
  No such file or directory.

[0m
