[0.016s] Invoking command in '/home/teteu/drone_sim/build/drone_sim': CMAKE_PREFIX_PATH=/opt/ros/humble /usr/bin/cmake /home/teteu/drone_sim -DCMAKE_INSTALL_PREFIX=/home/teteu/drone_sim/install/drone_sim
[0.635s] -- The C compiler identification is GNU 11.4.0
[1.069s] -- The CXX compiler identification is GNU 11.4.0
[1.117s] -- Detecting C compiler ABI info
[1.247s] -- Detecting C compiler ABI info - done
[1.258s] -- Check for working C compiler: /usr/bin/cc - skipped
[1.259s] -- Detecting C compile features
[1.261s] -- Detecting C compile features - done
[1.271s] -- Detecting CXX compiler ABI info
[1.395s] -- Detecting CXX compiler ABI info - done
[1.405s] -- Check for working CXX compiler: /usr/bin/c++ - skipped
[1.405s] -- Detecting CXX compile features
[1.406s] -- Detecting CXX compile features - done
[1.411s] -- Found ament_cmake: 1.3.10 (/opt/ros/humble/share/ament_cmake/cmake)
[1.645s] -- Found Python3: /usr/bin/python3 (found version "3.10.12") found components: Interpreter 
[1.912s] -- Found rclpy: 3.3.14 (/opt/ros/humble/share/rclpy/cmake)
[2.006s] -- Configuring done
[2.011s] -- Generating done
[2.013s] -- Build files have been written to: /home/teteu/drone_sim/build/drone_sim
[2.022s] Invoked command in '/home/teteu/drone_sim/build/drone_sim' returned '0': CMAKE_PREFIX_PATH=/opt/ros/humble /usr/bin/cmake /home/teteu/drone_sim -DCMAKE_INSTALL_PREFIX=/home/teteu/drone_sim/install/drone_sim
[2.024s] Invoking command in '/home/teteu/drone_sim/build/drone_sim': CMAKE_PREFIX_PATH=/opt/ros/humble /usr/bin/cmake --build /home/teteu/drone_sim/build/drone_sim -- -j4 -l4
[2.069s] Invoked command in '/home/teteu/drone_sim/build/drone_sim' returned '0': CMAKE_PREFIX_PATH=/opt/ros/humble /usr/bin/cmake --build /home/teteu/drone_sim/build/drone_sim -- -j4 -l4
[2.104s] Invoking command in '/home/teteu/drone_sim/build/drone_sim': CMAKE_PREFIX_PATH=/opt/ros/humble /usr/bin/cmake --install /home/teteu/drone_sim/build/drone_sim
[2.112s] -- Install configuration: ""
[2.112s] -- Installing: /home/teteu/drone_sim/install/drone_sim/share/drone_sim/launch
[2.113s] -- Installing: /home/teteu/drone_sim/install/drone_sim/share/drone_sim/launch/drone_sim_launch.py
[2.113s] -- Installing: /home/teteu/drone_sim/install/drone_sim/share/drone_sim/worlds
[2.113s] -- Installing: /home/teteu/drone_sim/install/drone_sim/share/drone_sim/worlds/myworld.world
[2.113s] [31mCMake Error at cmake_install.cmake:53 (file):
[2.113s]   file INSTALL cannot find "/home/teteu/drone_sim/src/drone_controller.py":
[2.113s]   No such file or directory.
[2.114s] 
[2.114s] [0m
[2.115s] Invoked command in '/home/teteu/drone_sim/build/drone_sim' returned '1': CMAKE_PREFIX_PATH=/opt/ros/humble /usr/bin/cmake --install /home/teteu/drone_sim/build/drone_sim
