[0.013s] Invoking command in '/home/teteu/ros2_ws/src/drone_sim/build/drone_sim': CMAKE_PREFIX_PATH=/opt/ros/humble /usr/bin/cmake /home/teteu/ros2_ws/src/drone_sim -DCMAKE_INSTALL_PREFIX=/home/teteu/ros2_ws/src/drone_sim/install/drone_sim
[0.030s] -- Found ament_cmake: 1.3.10 (/opt/ros/humble/share/ament_cmake/cmake)
[0.187s] -- Found rclpy: 3.3.14 (/opt/ros/humble/share/rclpy/cmake)
[0.300s] -- Configuring done
[0.304s] -- Generating done
[0.305s] -- Build files have been written to: /home/teteu/ros2_ws/src/drone_sim/build/drone_sim
[0.309s] Invoked command in '/home/teteu/ros2_ws/src/drone_sim/build/drone_sim' returned '0': CMAKE_PREFIX_PATH=/opt/ros/humble /usr/bin/cmake /home/teteu/ros2_ws/src/drone_sim -DCMAKE_INSTALL_PREFIX=/home/teteu/ros2_ws/src/drone_sim/install/drone_sim
[0.312s] Invoking command in '/home/teteu/ros2_ws/src/drone_sim/build/drone_sim': CMAKE_PREFIX_PATH=/opt/ros/humble /usr/bin/cmake --build /home/teteu/ros2_ws/src/drone_sim/build/drone_sim -- -j4 -l4
[0.370s] Invoked command in '/home/teteu/ros2_ws/src/drone_sim/build/drone_sim' returned '0': CMAKE_PREFIX_PATH=/opt/ros/humble /usr/bin/cmake --build /home/teteu/ros2_ws/src/drone_sim/build/drone_sim -- -j4 -l4
[0.418s] Invoking command in '/home/teteu/ros2_ws/src/drone_sim/build/drone_sim': CMAKE_PREFIX_PATH=/opt/ros/humble /usr/bin/cmake --install /home/teteu/ros2_ws/src/drone_sim/build/drone_sim
[0.428s] -- Install configuration: ""
[0.428s] -- Up-to-date: /home/teteu/ros2_ws/src/drone_sim/install/drone_sim/share/drone_sim/launch
[0.429s] -- Installing: /home/teteu/ros2_ws/src/drone_sim/install/drone_sim/share/drone_sim/launch/drone_sim_launch.py
[0.429s] -- Up-to-date: /home/teteu/ros2_ws/src/drone_sim/install/drone_sim/share/drone_sim/worlds
[0.429s] -- Installing: /home/teteu/ros2_ws/src/drone_sim/install/drone_sim/share/drone_sim/worlds/myworld.world
[0.430s] [31mCMake Error at cmake_install.cmake:53 (file):
[0.431s]   file INSTALL cannot find
[0.431s]   "/home/teteu/ros2_ws/src/drone_sim/src/drone_controller.py": No such file
[0.432s]   or directory.
[0.432s] 
[0.433s] [0m
[0.434s] Invoked command in '/home/teteu/ros2_ws/src/drone_sim/build/drone_sim' returned '1': CMAKE_PREFIX_PATH=/opt/ros/humble /usr/bin/cmake --install /home/teteu/ros2_ws/src/drone_sim/build/drone_sim
