[0.014s] Invoking command in '/home/teteu/ros2_ws/src/drone_sim/build/drone_sim': CMAKE_PREFIX_PATH=/opt/ros/humble /usr/bin/cmake --build /home/teteu/ros2_ws/src/drone_sim/build/drone_sim -- -j4 -l4
[0.021s] [0mCMake Error: The current CMakeCache.txt directory /home/teteu/ros2_ws/src/drone_sim/build/drone_sim/CMakeCache.txt is different than the directory /home/teteu/drone_sim/build/drone_sim where CMakeCache.txt was created. This may result in binaries being created in the wrong place. If you are not sure, reedit the CMakeCache.txt[0m
[0.093s] -- The C compiler identification is GNU 11.4.0
[0.188s] -- The CXX compiler identification is GNU 11.4.0
[0.197s] -- Detecting C compiler ABI info
[0.305s] -- Detecting C compiler ABI info - done
[0.315s] -- Check for working C compiler: /usr/bin/cc - skipped
[0.316s] -- Detecting C compile features
[0.316s] -- Detecting C compile features - done
[0.323s] -- Detecting CXX compiler ABI info
[0.459s] -- Detecting CXX compiler ABI info - done
[0.471s] -- Check for working CXX compiler: /usr/bin/c++ - skipped
[0.471s] -- Detecting CXX compile features
[0.472s] -- Detecting CXX compile features - done
[0.475s] -- Found ament_cmake: 1.3.10 (/opt/ros/humble/share/ament_cmake/cmake)
[0.725s] -- Found Python3: /usr/bin/python3 (found version "3.10.12") found components: Interpreter 
[0.853s] -- Found ament_lint_auto: 0.12.11 (/opt/ros/humble/share/ament_lint_auto/cmake)
[0.982s] -- Added test 'cppcheck' to perform static code analysis on C / C++ code
[0.983s] -- Configured cppcheck include dirs: 
[0.983s] -- Configured cppcheck exclude dirs and/or files: 
[0.987s] -- Added test 'lint_cmake' to check CMake code style
[0.993s] -- Added test 'uncrustify' to check C / C++ code style
[0.993s] -- Configured uncrustify additional arguments: 
[0.994s] -- Added test 'xmllint' to check XML markup files
[0.996s] -- Configuring done
[0.999s] -- Generating done
[1.001s] -- Build files have been written to: /home/teteu/drone_sim/build/drone_sim
[1.036s] Invoked command in '/home/teteu/ros2_ws/src/drone_sim/build/drone_sim' returned '0': CMAKE_PREFIX_PATH=/opt/ros/humble /usr/bin/cmake --build /home/teteu/ros2_ws/src/drone_sim/build/drone_sim -- -j4 -l4
[1.083s] Invoking command in '/home/teteu/ros2_ws/src/drone_sim/build/drone_sim': CMAKE_PREFIX_PATH=/opt/ros/humble /usr/bin/cmake --install /home/teteu/ros2_ws/src/drone_sim/build/drone_sim
[1.095s] -- Install configuration: ""
[1.096s] [31mCMake Error at cmake_install.cmake:46 (file):
[1.096s]   file INSTALL cannot find "/home/teteu/drone_sim/launch": No such file or
[1.096s]   directory.
[1.096s] 
[1.097s] [0m
[1.098s] Invoked command in '/home/teteu/ros2_ws/src/drone_sim/build/drone_sim' returned '1': CMAKE_PREFIX_PATH=/opt/ros/humble /usr/bin/cmake --install /home/teteu/ros2_ws/src/drone_sim/build/drone_sim
