[0.011s] Invoking command in '/home/teteu/ros2_ws/src/drone_sim/build/drone_sim': CMAKE_PREFIX_PATH=/opt/ros/humble /usr/bin/cmake --build /home/teteu/ros2_ws/src/drone_sim/build/drone_sim -- -j4 -l4
[0.040s] -- Found ament_cmake: 1.3.10 (/opt/ros/humble/share/ament_cmake/cmake)
[0.203s] -- Found rclpy: 3.3.14 (/opt/ros/humble/share/rclpy/cmake)
[0.300s] -- Configuring done
[0.303s] -- Generating done
[0.304s] -- Build files have been written to: /home/teteu/ros2_ws/src/drone_sim/build/drone_sim
[0.330s] Invoked command in '/home/teteu/ros2_ws/src/drone_sim/build/drone_sim' returned '0': CMAKE_PREFIX_PATH=/opt/ros/humble /usr/bin/cmake --build /home/teteu/ros2_ws/src/drone_sim/build/drone_sim -- -j4 -l4
[0.366s] Invoking command in '/home/teteu/ros2_ws/src/drone_sim/build/drone_sim': CMAKE_PREFIX_PATH=/opt/ros/humble /usr/bin/cmake --install /home/teteu/ros2_ws/src/drone_sim/build/drone_sim
[0.375s] -- Install configuration: ""
[0.375s] -- Up-to-date: /home/teteu/ros2_ws/src/drone_sim/install/drone_sim/share/drone_sim/launch
[0.375s] -- Up-to-date: /home/teteu/ros2_ws/src/drone_sim/install/drone_sim/share/drone_sim/launch/drone_sim_launch.py
[0.375s] -- Up-to-date: /home/teteu/ros2_ws/src/drone_sim/install/drone_sim/share/drone_sim/worlds
[0.375s] -- Up-to-date: /home/teteu/ros2_ws/src/drone_sim/install/drone_sim/share/drone_sim/worlds/myworld.world
[0.375s] [31mCMake Error at cmake_install.cmake:53 (file):
[0.376s]   file INSTALL cannot find
[0.376s]   "/home/teteu/ros2_ws/src/drone_sim/src/drone_controller.py": No such file
[0.376s]   or directory.
[0.376s] 
[0.376s] [0m
[0.377s] Invoked command in '/home/teteu/ros2_ws/src/drone_sim/build/drone_sim' returned '1': CMAKE_PREFIX_PATH=/opt/ros/humble /usr/bin/cmake --install /home/teteu/ros2_ws/src/drone_sim/build/drone_sim
